0 info it worked if it ends with ok
1 verbose cli [ 'C:\\Program Files (x86)\\Microsoft Visual Studio\\2017\\Professional\\Web\\External\\Node.exe',
1 verbose cli   'C:\\Program Files (x86)\\Microsoft Visual Studio\\2017\\Professional\\Web\\External\\node_modules\\npm\\bin\\npm-cli.js',
1 verbose cli   'install' ]
2 info using npm@3.3.4
3 info using node@v5.4.1
4 silly loadCurrentTree Starting
5 silly install loadCurrentTree
6 silly install readLocalPackageData
7 silly install normalizeTree
8 silly loadCurrentTree Finishing
9 silly loadIdealTree Starting
10 silly install loadIdealTree
11 silly cloneCurrentTree Starting
12 silly install cloneCurrentTreeToIdealTree
13 silly cloneCurrentTree Finishing
14 silly loadShrinkwrap Starting
15 silly install loadShrinkwrap
16 silly loadShrinkwrap Finishing
17 silly loadAllDepsIntoIdealTree Starting
18 silly install loadAllDepsIntoIdealTree
19 silly fetchNamedPackageData @fortawesome/fontawesome-svg-core
20 silly mapToRegistry name @fortawesome/fontawesome-svg-core
21 silly mapToRegistry scope (from package name) @fortawesome
22 verbose mapToRegistry no registry URL found in name for scope @fortawesome
23 silly mapToRegistry using default registry
24 silly mapToRegistry registry https://registry.npmjs.org/
25 silly mapToRegistry uri https://registry.npmjs.org/@fortawesome%2ffontawesome-svg-core
26 silly fetchNamedPackageData @fortawesome/free-solid-svg-icons
27 silly mapToRegistry name @fortawesome/free-solid-svg-icons
28 silly mapToRegistry scope (from package name) @fortawesome
29 verbose mapToRegistry no registry URL found in name for scope @fortawesome
30 silly mapToRegistry using default registry
31 silly mapToRegistry registry https://registry.npmjs.org/
32 silly mapToRegistry uri https://registry.npmjs.org/@fortawesome%2ffree-solid-svg-icons
33 silly fetchNamedPackageData @fortawesome/react-fontawesome
34 silly mapToRegistry name @fortawesome/react-fontawesome
35 silly mapToRegistry scope (from package name) @fortawesome
36 verbose mapToRegistry no registry URL found in name for scope @fortawesome
37 silly mapToRegistry using default registry
38 silly mapToRegistry registry https://registry.npmjs.org/
39 silly mapToRegistry uri https://registry.npmjs.org/@fortawesome%2freact-fontawesome
40 silly fetchNamedPackageData antd
41 silly mapToRegistry name antd
42 silly mapToRegistry using default registry
43 silly mapToRegistry registry https://registry.npmjs.org/
44 silly mapToRegistry uri https://registry.npmjs.org/antd
45 silly fetchNamedPackageData axios
46 silly mapToRegistry name axios
47 silly mapToRegistry using default registry
48 silly mapToRegistry registry https://registry.npmjs.org/
49 silly mapToRegistry uri https://registry.npmjs.org/axios
50 silly fetchNamedPackageData date-fns
51 silly mapToRegistry name date-fns
52 silly mapToRegistry using default registry
53 silly mapToRegistry registry https://registry.npmjs.org/
54 silly mapToRegistry uri https://registry.npmjs.org/date-fns
55 silly fetchNamedPackageData dexie
56 silly mapToRegistry name dexie
57 silly mapToRegistry using default registry
58 silly mapToRegistry registry https://registry.npmjs.org/
59 silly mapToRegistry uri https://registry.npmjs.org/dexie
60 silly fetchNamedPackageData ol
61 silly mapToRegistry name ol
62 silly mapToRegistry using default registry
63 silly mapToRegistry registry https://registry.npmjs.org/
64 silly mapToRegistry uri https://registry.npmjs.org/ol
65 silly fetchNamedPackageData proj4
66 silly mapToRegistry name proj4
67 silly mapToRegistry using default registry
68 silly mapToRegistry registry https://registry.npmjs.org/
69 silly mapToRegistry uri https://registry.npmjs.org/proj4
70 silly fetchNamedPackageData react
71 silly mapToRegistry name react
72 silly mapToRegistry using default registry
73 silly mapToRegistry registry https://registry.npmjs.org/
74 silly mapToRegistry uri https://registry.npmjs.org/react
75 silly fetchNamedPackageData react-dom
76 silly mapToRegistry name react-dom
77 silly mapToRegistry using default registry
78 silly mapToRegistry registry https://registry.npmjs.org/
79 silly mapToRegistry uri https://registry.npmjs.org/react-dom
80 silly fetchNamedPackageData react-loadable
81 silly mapToRegistry name react-loadable
82 silly mapToRegistry using default registry
83 silly mapToRegistry registry https://registry.npmjs.org/
84 silly mapToRegistry uri https://registry.npmjs.org/react-loadable
85 silly fetchNamedPackageData react-redux
86 silly mapToRegistry name react-redux
87 silly mapToRegistry using default registry
88 silly mapToRegistry registry https://registry.npmjs.org/
89 silly mapToRegistry uri https://registry.npmjs.org/react-redux
90 silly fetchNamedPackageData react-router-dom
91 silly mapToRegistry name react-router-dom
92 silly mapToRegistry using default registry
93 silly mapToRegistry registry https://registry.npmjs.org/
94 silly mapToRegistry uri https://registry.npmjs.org/react-router-dom
95 silly fetchNamedPackageData redux
96 silly mapToRegistry name redux
97 silly mapToRegistry using default registry
98 silly mapToRegistry registry https://registry.npmjs.org/
99 silly mapToRegistry uri https://registry.npmjs.org/redux
100 silly fetchNamedPackageData redux-thunk
101 silly mapToRegistry name redux-thunk
102 silly mapToRegistry using default registry
103 silly mapToRegistry registry https://registry.npmjs.org/
104 silly mapToRegistry uri https://registry.npmjs.org/redux-thunk
105 verbose request uri https://registry.npmjs.org/@fortawesome%2ffontawesome-svg-core
106 verbose request no auth needed
107 info attempt registry request try #1 at 9:48:25 AM
108 verbose request id 50e60a1238472d7b
109 http request GET https://registry.npmjs.org/@fortawesome%2ffontawesome-svg-core
110 verbose request uri https://registry.npmjs.org/@fortawesome%2ffree-solid-svg-icons
111 verbose request no auth needed
112 info attempt registry request try #1 at 9:48:26 AM
113 http request GET https://registry.npmjs.org/@fortawesome%2ffree-solid-svg-icons
114 verbose request uri https://registry.npmjs.org/@fortawesome%2freact-fontawesome
115 verbose request no auth needed
116 info attempt registry request try #1 at 9:48:26 AM
117 http request GET https://registry.npmjs.org/@fortawesome%2freact-fontawesome
118 verbose request uri https://registry.npmjs.org/antd
119 verbose request no auth needed
120 info attempt registry request try #1 at 9:48:26 AM
121 http request GET https://registry.npmjs.org/antd
122 verbose request uri https://registry.npmjs.org/axios
123 verbose request no auth needed
124 info attempt registry request try #1 at 9:48:26 AM
125 http request GET https://registry.npmjs.org/axios
126 verbose request uri https://registry.npmjs.org/date-fns
127 verbose request no auth needed
128 info attempt registry request try #1 at 9:48:26 AM
129 http request GET https://registry.npmjs.org/date-fns
130 verbose request uri https://registry.npmjs.org/dexie
131 verbose request no auth needed
132 info attempt registry request try #1 at 9:48:26 AM
133 http request GET https://registry.npmjs.org/dexie
134 verbose request uri https://registry.npmjs.org/ol
135 verbose request no auth needed
136 info attempt registry request try #1 at 9:48:26 AM
137 http request GET https://registry.npmjs.org/ol
138 verbose request uri https://registry.npmjs.org/react
139 verbose request no auth needed
140 info attempt registry request try #1 at 9:48:26 AM
141 http request GET https://registry.npmjs.org/react
142 verbose request uri https://registry.npmjs.org/react-dom
143 verbose request no auth needed
144 info attempt registry request try #1 at 9:48:26 AM
145 http request GET https://registry.npmjs.org/react-dom
146 verbose request uri https://registry.npmjs.org/react-loadable
147 verbose request no auth needed
148 info attempt registry request try #1 at 9:48:26 AM
149 http request GET https://registry.npmjs.org/react-loadable
150 verbose request uri https://registry.npmjs.org/react-redux
151 verbose request no auth needed
152 info attempt registry request try #1 at 9:48:26 AM
153 http request GET https://registry.npmjs.org/react-redux
154 verbose request uri https://registry.npmjs.org/react-router-dom
155 verbose request no auth needed
156 info attempt registry request try #1 at 9:48:26 AM
157 http request GET https://registry.npmjs.org/react-router-dom
158 verbose request uri https://registry.npmjs.org/redux
159 verbose request no auth needed
160 info attempt registry request try #1 at 9:48:26 AM
161 http request GET https://registry.npmjs.org/redux
162 verbose request uri https://registry.npmjs.org/redux-thunk
163 verbose request no auth needed
164 info attempt registry request try #1 at 9:48:26 AM
165 http request GET https://registry.npmjs.org/redux-thunk
166 verbose request uri https://registry.npmjs.org/proj4
167 verbose request no auth needed
168 info attempt registry request try #1 at 9:48:26 AM
169 verbose etag W/"28de59944bf558f3e1922ee4460cc866"
170 verbose lastModified Fri, 24 Aug 2018 19:40:30 GMT
171 http request GET https://registry.npmjs.org/proj4
172 info retry will retry, error on last attempt: Error: connect ETIMEDOUT 104.16.19.35:443
173 info retry will retry, error on last attempt: Error: connect ETIMEDOUT 104.16.19.35:443
174 info retry will retry, error on last attempt: Error: connect ETIMEDOUT 104.16.19.35:443
175 info retry will retry, error on last attempt: Error: connect ETIMEDOUT 104.16.19.35:443
176 info retry will retry, error on last attempt: Error: connect ETIMEDOUT 104.16.19.35:443
177 info retry will retry, error on last attempt: Error: connect ETIMEDOUT 104.16.19.35:443
178 info retry will retry, error on last attempt: Error: connect ETIMEDOUT 104.16.19.35:443
179 info retry will retry, error on last attempt: Error: connect ETIMEDOUT 104.16.19.35:443
180 info retry will retry, error on last attempt: Error: connect ETIMEDOUT 104.16.19.35:443
181 info retry will retry, error on last attempt: Error: connect ETIMEDOUT 104.16.19.35:443
182 info retry will retry, error on last attempt: Error: connect ETIMEDOUT 104.16.19.35:443
183 info retry will retry, error on last attempt: Error: connect ETIMEDOUT 104.16.19.35:443
184 info retry will retry, error on last attempt: Error: connect ETIMEDOUT 104.16.19.35:443
185 info retry will retry, error on last attempt: Error: connect ETIMEDOUT 104.16.19.35:443
186 info retry will retry, error on last attempt: Error: connect ETIMEDOUT 104.16.19.35:443
187 info retry will retry, error on last attempt: Error: connect ETIMEDOUT 104.16.19.35:443
188 info attempt registry request try #2 at 9:48:57 AM
189 http request GET https://registry.npmjs.org/@fortawesome%2freact-fontawesome
190 info attempt registry request try #2 at 9:48:57 AM
191 http request GET https://registry.npmjs.org/@fortawesome%2ffontawesome-svg-core
192 info attempt registry request try #2 at 9:48:57 AM
193 http request GET https://registry.npmjs.org/dexie
194 info attempt registry request try #2 at 9:48:57 AM
195 http request GET https://registry.npmjs.org/react-router-dom
196 info attempt registry request try #2 at 9:48:57 AM
197 http request GET https://registry.npmjs.org/@fortawesome%2ffree-solid-svg-icons
198 info attempt registry request try #2 at 9:48:57 AM
199 http request GET https://registry.npmjs.org/ol
200 info attempt registry request try #2 at 9:48:57 AM
201 http request GET https://registry.npmjs.org/react
202 info attempt registry request try #2 at 9:48:57 AM
203 http request GET https://registry.npmjs.org/react-redux
204 info attempt registry request try #2 at 9:48:57 AM
205 http request GET https://registry.npmjs.org/antd
206 info attempt registry request try #2 at 9:48:57 AM
207 verbose etag W/"28de59944bf558f3e1922ee4460cc866"
208 verbose lastModified Fri, 24 Aug 2018 19:40:30 GMT
209 http request GET https://registry.npmjs.org/proj4
210 info attempt registry request try #2 at 9:48:57 AM
211 http request GET https://registry.npmjs.org/react-dom
212 info attempt registry request try #2 at 9:48:57 AM
213 http request GET https://registry.npmjs.org/date-fns
214 info attempt registry request try #2 at 9:48:57 AM
215 http request GET https://registry.npmjs.org/react-loadable
216 info attempt registry request try #2 at 9:48:57 AM
217 http request GET https://registry.npmjs.org/redux-thunk
218 info attempt registry request try #2 at 9:48:57 AM
219 http request GET https://registry.npmjs.org/redux
220 info attempt registry request try #2 at 9:48:57 AM
221 http request GET https://registry.npmjs.org/axios
222 info retry will retry, error on last attempt: Error: connect ETIMEDOUT 104.16.19.35:443
223 info retry will retry, error on last attempt: Error: connect ETIMEDOUT 104.16.19.35:443
224 info retry will retry, error on last attempt: Error: connect ETIMEDOUT 104.16.19.35:443
225 info retry will retry, error on last attempt: Error: connect ETIMEDOUT 104.16.19.35:443
226 info retry will retry, error on last attempt: Error: connect ETIMEDOUT 104.16.19.35:443
227 info retry will retry, error on last attempt: Error: connect ETIMEDOUT 104.16.19.35:443
228 info retry will retry, error on last attempt: Error: connect ETIMEDOUT 104.16.19.35:443
229 info retry will retry, error on last attempt: Error: connect ETIMEDOUT 104.16.19.35:443
230 info retry will retry, error on last attempt: Error: connect ETIMEDOUT 104.16.19.35:443
231 info retry will retry, error on last attempt: Error: connect ETIMEDOUT 104.16.19.35:443
232 info retry will retry, error on last attempt: Error: connect ETIMEDOUT 104.16.19.35:443
233 info retry will retry, error on last attempt: Error: connect ETIMEDOUT 104.16.19.35:443
234 info retry will retry, error on last attempt: Error: connect ETIMEDOUT 104.16.19.35:443
235 info retry will retry, error on last attempt: Error: connect ETIMEDOUT 104.16.19.35:443
236 info retry will retry, error on last attempt: Error: connect ETIMEDOUT 104.16.19.35:443
237 info retry will retry, error on last attempt: Error: connect ETIMEDOUT 104.16.19.35:443
238 info attempt registry request try #3 at 9:50:18 AM
239 http request GET https://registry.npmjs.org/react-router-dom
240 info attempt registry request try #3 at 9:50:18 AM
241 http request GET https://registry.npmjs.org/dexie
242 info attempt registry request try #3 at 9:50:18 AM
243 http request GET https://registry.npmjs.org/react-redux
244 info attempt registry request try #3 at 9:50:18 AM
245 http request GET https://registry.npmjs.org/antd
246 info attempt registry request try #3 at 9:50:18 AM
247 http request GET https://registry.npmjs.org/@fortawesome%2ffree-solid-svg-icons
248 info attempt registry request try #3 at 9:50:18 AM
249 http request GET https://registry.npmjs.org/@fortawesome%2ffontawesome-svg-core
250 info attempt registry request try #3 at 9:50:18 AM
251 http request GET https://registry.npmjs.org/ol
252 info attempt registry request try #3 at 9:50:18 AM
253 http request GET https://registry.npmjs.org/@fortawesome%2freact-fontawesome
254 info attempt registry request try #3 at 9:50:18 AM
255 http request GET https://registry.npmjs.org/react
256 info attempt registry request try #3 at 9:50:18 AM
257 http request GET https://registry.npmjs.org/react-loadable
258 info attempt registry request try #3 at 9:50:18 AM
259 http request GET https://registry.npmjs.org/date-fns
260 info attempt registry request try #3 at 9:50:18 AM
261 http request GET https://registry.npmjs.org/react-dom
262 info attempt registry request try #3 at 9:50:18 AM
263 http request GET https://registry.npmjs.org/axios
264 info attempt registry request try #3 at 9:50:18 AM
265 http request GET https://registry.npmjs.org/redux-thunk
266 info attempt registry request try #3 at 9:50:18 AM
267 http request GET https://registry.npmjs.org/redux
268 info attempt registry request try #3 at 9:50:18 AM
269 verbose etag W/"28de59944bf558f3e1922ee4460cc866"
270 verbose lastModified Fri, 24 Aug 2018 19:40:30 GMT
271 http request GET https://registry.npmjs.org/proj4
272 silly fetchPackageMetaData Error: connect ETIMEDOUT 104.16.19.35:443
272 silly fetchPackageMetaData     at Object.exports._errnoException (util.js:856:11)
272 silly fetchPackageMetaData     at exports._exceptionWithHostPort (util.js:879:20)
272 silly fetchPackageMetaData     at TCPConnectWrap.afterConnect [as oncomplete] (net.js:1062:14)
272 silly fetchPackageMetaData  error for @fortawesome/free-solid-svg-icons@^5.1.1 { [Error: connect ETIMEDOUT 104.16.19.35:443]
272 silly fetchPackageMetaData   code: 'ETIMEDOUT',
272 silly fetchPackageMetaData   errno: 'ETIMEDOUT',
272 silly fetchPackageMetaData   syscall: 'connect',
272 silly fetchPackageMetaData   address: '104.16.19.35',
272 silly fetchPackageMetaData   port: 443 }
273 silly fetchPackageMetaData Error: connect ETIMEDOUT 104.16.19.35:443
273 silly fetchPackageMetaData     at Object.exports._errnoException (util.js:856:11)
273 silly fetchPackageMetaData     at exports._exceptionWithHostPort (util.js:879:20)
273 silly fetchPackageMetaData     at TCPConnectWrap.afterConnect [as oncomplete] (net.js:1062:14)
273 silly fetchPackageMetaData  error for @fortawesome/fontawesome-svg-core@^1.2.1 { [Error: connect ETIMEDOUT 104.16.19.35:443]
273 silly fetchPackageMetaData   code: 'ETIMEDOUT',
273 silly fetchPackageMetaData   errno: 'ETIMEDOUT',
273 silly fetchPackageMetaData   syscall: 'connect',
273 silly fetchPackageMetaData   address: '104.16.19.35',
273 silly fetchPackageMetaData   port: 443 }
274 silly fetchPackageMetaData Error: connect ETIMEDOUT 104.16.19.35:443
274 silly fetchPackageMetaData     at Object.exports._errnoException (util.js:856:11)
274 silly fetchPackageMetaData     at exports._exceptionWithHostPort (util.js:879:20)
274 silly fetchPackageMetaData     at TCPConnectWrap.afterConnect [as oncomplete] (net.js:1062:14)
274 silly fetchPackageMetaData  error for dexie@^2.0.4 { [Error: connect ETIMEDOUT 104.16.19.35:443]
274 silly fetchPackageMetaData   code: 'ETIMEDOUT',
274 silly fetchPackageMetaData   errno: 'ETIMEDOUT',
274 silly fetchPackageMetaData   syscall: 'connect',
274 silly fetchPackageMetaData   address: '104.16.19.35',
274 silly fetchPackageMetaData   port: 443 }
275 silly fetchPackageMetaData Error: connect ETIMEDOUT 104.16.19.35:443
275 silly fetchPackageMetaData     at Object.exports._errnoException (util.js:856:11)
275 silly fetchPackageMetaData     at exports._exceptionWithHostPort (util.js:879:20)
275 silly fetchPackageMetaData     at TCPConnectWrap.afterConnect [as oncomplete] (net.js:1062:14)
275 silly fetchPackageMetaData  error for date-fns@^1.29.0 { [Error: connect ETIMEDOUT 104.16.19.35:443]
275 silly fetchPackageMetaData   code: 'ETIMEDOUT',
275 silly fetchPackageMetaData   errno: 'ETIMEDOUT',
275 silly fetchPackageMetaData   syscall: 'connect',
275 silly fetchPackageMetaData   address: '104.16.19.35',
275 silly fetchPackageMetaData   port: 443 }
276 silly fetchPackageMetaData Error: connect ETIMEDOUT 104.16.19.35:443
276 silly fetchPackageMetaData     at Object.exports._errnoException (util.js:856:11)
276 silly fetchPackageMetaData     at exports._exceptionWithHostPort (util.js:879:20)
276 silly fetchPackageMetaData     at TCPConnectWrap.afterConnect [as oncomplete] (net.js:1062:14)
276 silly fetchPackageMetaData  error for react-router-dom@^4.3.1 { [Error: connect ETIMEDOUT 104.16.19.35:443]
276 silly fetchPackageMetaData   code: 'ETIMEDOUT',
276 silly fetchPackageMetaData   errno: 'ETIMEDOUT',
276 silly fetchPackageMetaData   syscall: 'connect',
276 silly fetchPackageMetaData   address: '104.16.19.35',
276 silly fetchPackageMetaData   port: 443 }
277 silly fetchPackageMetaData Error: connect ETIMEDOUT 104.16.19.35:443
277 silly fetchPackageMetaData     at Object.exports._errnoException (util.js:856:11)
277 silly fetchPackageMetaData     at exports._exceptionWithHostPort (util.js:879:20)
277 silly fetchPackageMetaData     at TCPConnectWrap.afterConnect [as oncomplete] (net.js:1062:14)
277 silly fetchPackageMetaData  error for react-dom@^16.4.1 { [Error: connect ETIMEDOUT 104.16.19.35:443]
277 silly fetchPackageMetaData   code: 'ETIMEDOUT',
277 silly fetchPackageMetaData   errno: 'ETIMEDOUT',
277 silly fetchPackageMetaData   syscall: 'connect',
277 silly fetchPackageMetaData   address: '104.16.19.35',
277 silly fetchPackageMetaData   port: 443 }
278 silly fetchPackageMetaData Error: connect ETIMEDOUT 104.16.19.35:443
278 silly fetchPackageMetaData     at Object.exports._errnoException (util.js:856:11)
278 silly fetchPackageMetaData     at exports._exceptionWithHostPort (util.js:879:20)
278 silly fetchPackageMetaData     at TCPConnectWrap.afterConnect [as oncomplete] (net.js:1062:14)
278 silly fetchPackageMetaData  error for antd@^3.7.0 { [Error: connect ETIMEDOUT 104.16.19.35:443]
278 silly fetchPackageMetaData   code: 'ETIMEDOUT',
278 silly fetchPackageMetaData   errno: 'ETIMEDOUT',
278 silly fetchPackageMetaData   syscall: 'connect',
278 silly fetchPackageMetaData   address: '104.16.19.35',
278 silly fetchPackageMetaData   port: 443 }
279 silly fetchPackageMetaData Error: connect ETIMEDOUT 104.16.19.35:443
279 silly fetchPackageMetaData     at Object.exports._errnoException (util.js:856:11)
279 silly fetchPackageMetaData     at exports._exceptionWithHostPort (util.js:879:20)
279 silly fetchPackageMetaData     at TCPConnectWrap.afterConnect [as oncomplete] (net.js:1062:14)
279 silly fetchPackageMetaData  error for react-redux@^5.0.7 { [Error: connect ETIMEDOUT 104.16.19.35:443]
279 silly fetchPackageMetaData   code: 'ETIMEDOUT',
279 silly fetchPackageMetaData   errno: 'ETIMEDOUT',
279 silly fetchPackageMetaData   syscall: 'connect',
279 silly fetchPackageMetaData   address: '104.16.19.35',
279 silly fetchPackageMetaData   port: 443 }
280 silly fetchPackageMetaData Error: connect ETIMEDOUT 104.16.19.35:443
280 silly fetchPackageMetaData     at Object.exports._errnoException (util.js:856:11)
280 silly fetchPackageMetaData     at exports._exceptionWithHostPort (util.js:879:20)
280 silly fetchPackageMetaData     at TCPConnectWrap.afterConnect [as oncomplete] (net.js:1062:14)
280 silly fetchPackageMetaData  error for axios@^0.18.0 { [Error: connect ETIMEDOUT 104.16.19.35:443]
280 silly fetchPackageMetaData   code: 'ETIMEDOUT',
280 silly fetchPackageMetaData   errno: 'ETIMEDOUT',
280 silly fetchPackageMetaData   syscall: 'connect',
280 silly fetchPackageMetaData   address: '104.16.19.35',
280 silly fetchPackageMetaData   port: 443 }
281 silly fetchPackageMetaData Error: connect ETIMEDOUT 104.16.19.35:443
281 silly fetchPackageMetaData     at Object.exports._errnoException (util.js:856:11)
281 silly fetchPackageMetaData     at exports._exceptionWithHostPort (util.js:879:20)
281 silly fetchPackageMetaData     at TCPConnectWrap.afterConnect [as oncomplete] (net.js:1062:14)
281 silly fetchPackageMetaData  error for @fortawesome/react-fontawesome@^0.1.0 { [Error: connect ETIMEDOUT 104.16.19.35:443]
281 silly fetchPackageMetaData   code: 'ETIMEDOUT',
281 silly fetchPackageMetaData   errno: 'ETIMEDOUT',
281 silly fetchPackageMetaData   syscall: 'connect',
281 silly fetchPackageMetaData   address: '104.16.19.35',
281 silly fetchPackageMetaData   port: 443 }
282 silly fetchPackageMetaData Error: connect ETIMEDOUT 104.16.19.35:443
282 silly fetchPackageMetaData     at Object.exports._errnoException (util.js:856:11)
282 silly fetchPackageMetaData     at exports._exceptionWithHostPort (util.js:879:20)
282 silly fetchPackageMetaData     at TCPConnectWrap.afterConnect [as oncomplete] (net.js:1062:14)
282 silly fetchPackageMetaData  error for react-loadable@^5.5.0 { [Error: connect ETIMEDOUT 104.16.19.35:443]
282 silly fetchPackageMetaData   code: 'ETIMEDOUT',
282 silly fetchPackageMetaData   errno: 'ETIMEDOUT',
282 silly fetchPackageMetaData   syscall: 'connect',
282 silly fetchPackageMetaData   address: '104.16.19.35',
282 silly fetchPackageMetaData   port: 443 }
283 silly fetchPackageMetaData Error: connect ETIMEDOUT 104.16.19.35:443
283 silly fetchPackageMetaData     at Object.exports._errnoException (util.js:856:11)
283 silly fetchPackageMetaData     at exports._exceptionWithHostPort (util.js:879:20)
283 silly fetchPackageMetaData     at TCPConnectWrap.afterConnect [as oncomplete] (net.js:1062:14)
283 silly fetchPackageMetaData  error for ol@^5.1.3 { [Error: connect ETIMEDOUT 104.16.19.35:443]
283 silly fetchPackageMetaData   code: 'ETIMEDOUT',
283 silly fetchPackageMetaData   errno: 'ETIMEDOUT',
283 silly fetchPackageMetaData   syscall: 'connect',
283 silly fetchPackageMetaData   address: '104.16.19.35',
283 silly fetchPackageMetaData   port: 443 }
284 silly fetchPackageMetaData Error: connect ETIMEDOUT 104.16.19.35:443
284 silly fetchPackageMetaData     at Object.exports._errnoException (util.js:856:11)
284 silly fetchPackageMetaData     at exports._exceptionWithHostPort (util.js:879:20)
284 silly fetchPackageMetaData     at TCPConnectWrap.afterConnect [as oncomplete] (net.js:1062:14)
284 silly fetchPackageMetaData  error for redux@^4.0.0 { [Error: connect ETIMEDOUT 104.16.19.35:443]
284 silly fetchPackageMetaData   code: 'ETIMEDOUT',
284 silly fetchPackageMetaData   errno: 'ETIMEDOUT',
284 silly fetchPackageMetaData   syscall: 'connect',
284 silly fetchPackageMetaData   address: '104.16.19.35',
284 silly fetchPackageMetaData   port: 443 }
285 silly fetchPackageMetaData Error: connect ETIMEDOUT 104.16.19.35:443
285 silly fetchPackageMetaData     at Object.exports._errnoException (util.js:856:11)
285 silly fetchPackageMetaData     at exports._exceptionWithHostPort (util.js:879:20)
285 silly fetchPackageMetaData     at TCPConnectWrap.afterConnect [as oncomplete] (net.js:1062:14)
285 silly fetchPackageMetaData  error for redux-thunk@^2.3.0 { [Error: connect ETIMEDOUT 104.16.19.35:443]
285 silly fetchPackageMetaData   code: 'ETIMEDOUT',
285 silly fetchPackageMetaData   errno: 'ETIMEDOUT',
285 silly fetchPackageMetaData   syscall: 'connect',
285 silly fetchPackageMetaData   address: '104.16.19.35',
285 silly fetchPackageMetaData   port: 443 }
286 silly get cb [ 304, undefined ]
287 verbose etag https://registry.npmjs.org/proj4 from cache
288 verbose get saving proj4 to C:\Users\pvaliaveedan\AppData\Roaming\npm-cache\registry.npmjs.org\proj4\.cache.json
289 silly fetchPackageMetaData Error: connect ETIMEDOUT 104.16.19.35:443
289 silly fetchPackageMetaData     at Object.exports._errnoException (util.js:856:11)
289 silly fetchPackageMetaData     at exports._exceptionWithHostPort (util.js:879:20)
289 silly fetchPackageMetaData     at TCPConnectWrap.afterConnect [as oncomplete] (net.js:1062:14)
289 silly fetchPackageMetaData  error for react@^16.4.1 { [Error: connect ETIMEDOUT 104.16.19.35:443]
289 silly fetchPackageMetaData   code: 'ETIMEDOUT',
289 silly fetchPackageMetaData   errno: 'ETIMEDOUT',
289 silly fetchPackageMetaData   syscall: 'connect',
289 silly fetchPackageMetaData   address: '104.16.19.35',
289 silly fetchPackageMetaData   port: 443 }
290 silly resolveWithNewModule proj4@2.5.0 checking installable status
291 silly cache add args [ 'proj4@^2.4.4', null ]
292 verbose cache add spec proj4@^2.4.4
293 silly cache add parsed spec Result {
293 silly cache add   raw: 'proj4@^2.4.4',
293 silly cache add   scope: null,
293 silly cache add   name: 'proj4',
293 silly cache add   rawSpec: '^2.4.4',
293 silly cache add   spec: '>=2.4.4-0 <3.0.0-0',
293 silly cache add   type: 'range' }
294 silly addNamed proj4@>=2.4.4-0 <3.0.0-0
295 verbose addNamed ">=2.4.4-0 <3.0.0-0" is a valid semver range for proj4
296 silly addNameRange { name: 'proj4', range: '>=2.4.4-0 <3.0.0-0', hasData: false }
297 silly mapToRegistry name proj4
298 silly mapToRegistry using default registry
299 silly mapToRegistry registry https://registry.npmjs.org/
300 silly mapToRegistry uri https://registry.npmjs.org/proj4
301 verbose addNameRange registry:https://registry.npmjs.org/proj4 not in flight; fetching
302 verbose get https://registry.npmjs.org/proj4 not expired, no request
303 silly addNameRange number 2 { name: 'proj4', range: '>=2.4.4-0 <3.0.0-0', hasData: true }
304 silly addNameRange versions [ 'proj4',
304 silly addNameRange   [ '1.4.0-dev.1',
304 silly addNameRange     '1.4.0-dev.2',
304 silly addNameRange     '1.4.0-dev.3',
304 silly addNameRange     '1.4.0',
304 silly addNameRange     '1.4.1-dev.1',
304 silly addNameRange     '1.4.1',
304 silly addNameRange     '1.5.0-dev.2',
304 silly addNameRange     '1.5.0-dev.3',
304 silly addNameRange     '1.5.0-dev.4',
304 silly addNameRange     '1.5.0-dev.5',
304 silly addNameRange     '2.0.0-dev.1',
304 silly addNameRange     '2.0.0-dev.2',
304 silly addNameRange     '2.0.0-dev.3',
304 silly addNameRange     '2.0.0',
304 silly addNameRange     '2.0.1',
304 silly addNameRange     '2.0.2',
304 silly addNameRange     '2.0.3',
304 silly addNameRange     '2.1.0',
304 silly addNameRange     '2.1.2',
304 silly addNameRange     '2.1.3',
304 silly addNameRange     '2.1.4',
304 silly addNameRange     '2.2.0',
304 silly addNameRange     '2.2.1',
304 silly addNameRange     '2.2.2',
304 silly addNameRange     '2.3.3',
304 silly addNameRange     '2.3.5',
304 silly addNameRange     '2.3.6',
304 silly addNameRange     '2.3.7',
304 silly addNameRange     '2.3.8',
304 silly addNameRange     '2.3.9',
304 silly addNameRange     '2.3.10',
304 silly addNameRange     '2.3.11',
304 silly addNameRange     '2.3.12',
304 silly addNameRange     '2.3.13',
304 silly addNameRange     '2.3.14',
304 silly addNameRange     '2.3.15',
304 silly addNameRange     '2.3.16',
304 silly addNameRange     '2.3.17',
304 silly addNameRange     '2.3.18-alpha',
304 silly addNameRange     '2.4.0',
304 silly addNameRange     '2.4.1',
304 silly addNameRange     '2.4.3',
304 silly addNameRange     '2.4.4',
304 silly addNameRange     '2.5.0' ] ]
305 silly addNamed proj4@2.5.0
306 verbose addNamed "2.5.0" is a plain semver version for proj4
307 silly cache afterAdd proj4@2.5.0
308 verbose afterAdd C:\Users\pvaliaveedan\AppData\Roaming\npm-cache\proj4\2.5.0\package\package.json not in flight; writing
309 verbose afterAdd C:\Users\pvaliaveedan\AppData\Roaming\npm-cache\proj4\2.5.0\package\package.json written
310 silly rollbackFailedOptional Starting
311 silly rollbackFailedOptional Finishing
312 silly runTopLevelLifecycles Starting
313 silly runTopLevelLifecycles Finishing
314 silly install printInstalled
315 verbose stack Error: connect ETIMEDOUT 104.16.19.35:443
315 verbose stack     at Object.exports._errnoException (util.js:856:11)
315 verbose stack     at exports._exceptionWithHostPort (util.js:879:20)
315 verbose stack     at TCPConnectWrap.afterConnect [as oncomplete] (net.js:1062:14)
316 verbose cwd C:\NYCStreets Program\PRISM\NYCStreets Pedramp\Application\src\DOT.NYCStreets.PRISM.Web
317 error Windows_NT 10.0.14393
318 error argv "C:\\Program Files (x86)\\Microsoft Visual Studio\\2017\\Professional\\Web\\External\\Node.exe" "C:\\Program Files (x86)\\Microsoft Visual Studio\\2017\\Professional\\Web\\External\\node_modules\\npm\\bin\\npm-cli.js" "install"
319 error node v5.4.1
320 error npm  v3.3.4
321 error code ETIMEDOUT
322 error errno ETIMEDOUT
323 error syscall connect
324 error network connect ETIMEDOUT 104.16.19.35:443
324 error network This is most likely not a problem with npm itself
324 error network and is related to network connectivity.
324 error network In most cases you are behind a proxy or have bad network settings.
324 error network
324 error network If you are behind a proxy, please make sure that the
324 error network 'proxy' config is set properly.  See: 'npm help config'
325 verbose exit [ 1, true ]
